\BOOKMARK [0][-]{chapter.1}{\376\377\000P\000r\000e\000f\000a\000c\000e}{}% 1
\BOOKMARK [0][-]{chapter.2}{\376\377\122\115\212\000}{}% 2
\BOOKMARK [1][-]{section.2.1}{\376\377\000C\000o\000n\000d\000e\000n\000s\000e\000d\000\040\000R\000e\000a\000d\000i\000n\000g}{chapter.2}% 3
\BOOKMARK [1][-]{section.2.2}{\376\377\000I\000n\000s\000t\000r\000u\000c\000t\000i\000o\000n\000s\000\040\000F\000o\000r\000\040\000t\000h\000e\000\040\000T\000r\000u\000l\000y\000\040\000I\000m\000p\000a\000t\000i\000e\000n\000t}{chapter.2}% 4
\BOOKMARK [1][-]{section.2.3}{\376\377\000F\000u\000r\000t\000h\000e\000r\000\040\000R\000e\000a\000d\000i\000n\000g}{chapter.2}% 5
\BOOKMARK [-1][-]{part.1}{\376\377\000I\000\040\000I\000n\000s\000t\000a\000l\000l\000a\000t\000i\000o\000n}{}% 6
\BOOKMARK [0][-]{chapter.3}{\376\377\000W\000a\000n\000t\000\040\000t\000o\000\040\000h\000a\000v\000e\000\040\000a\000\040\000f\000r\000e\000e\000\040\000f\000l\000i\000g\000h\000t\000?\000\040\000T\000a\000k\000e\000\040\000F\000l\000i\000g\000h\000t\000G\000e\000a\000r\000!}{part.1}% 7
\BOOKMARK [1][-]{section.3.1}{\376\377\000Y\000e\000t\000\040\000A\000n\000o\000t\000h\000e\000r\000\040\000F\000l\000i\000g\000h\000t\000\040\000S\000i\000m\000u\000l\000a\000t\000o\000r\000?}{chapter.3}% 8
\BOOKMARK [1][-]{section.3.2}{\376\377\000S\000y\000s\000t\000e\000m\000\040\000R\000e\000q\000u\000i\000r\000e\000m\000e\000n\000t\000s}{chapter.3}% 9
\BOOKMARK [1][-]{section.3.3}{\376\377\000C\000h\000o\000o\000s\000i\000n\000g\000\040\000A\000\040\000V\000e\000r\000s\000i\000o\000n}{chapter.3}% 10
\BOOKMARK [1][-]{section.3.4}{\376\377\000F\000l\000i\000g\000h\000t\000\040\000D\000y\000n\000a\000m\000i\000c\000s\000\040\000M\000o\000d\000e\000l\000s}{chapter.3}% 11
\BOOKMARK [1][-]{section.3.5}{\376\377\000A\000b\000o\000u\000t\000\040\000T\000h\000i\000s\000\040\000G\000u\000i\000d\000e}{chapter.3}% 12
\BOOKMARK [0][-]{chapter.4}{\376\377\000P\000r\000e\000f\000l\000i\000g\000h\000t\000:\000\040\000I\000n\000s\000t\000a\000l\000l\000i\000n\000g\000\040\000F\000l\000i\000g\000h\000t\000G\000e\000a\000r}{part.1}% 13
\BOOKMARK [1][-]{section.4.1}{\376\377\000I\000n\000s\000t\000a\000l\000l\000i\000n\000g\000\040\000s\000c\000e\000n\000e\000r\000y}{chapter.4}% 14
\BOOKMARK [2][-]{subsection.4.1.1}{\376\377\000M\000S\000\040\000W\000i\000n\000d\000o\000w\000s\000\040\000V\000i\000s\000t\000a\000/\0007}{section.4.1}% 15
\BOOKMARK [2][-]{subsection.4.1.2}{\376\377\000M\000a\000c\000\040\000O\000S\000\040\000X\000\040}{section.4.1}% 16
\BOOKMARK [2][-]{subsection.4.1.3}{\376\377\000F\000G\000\137\000S\000C\000E\000N\000E\000R\000Y}{section.4.1}% 17
\BOOKMARK [2][-]{subsection.4.1.4}{\376\377\000F\000e\000t\000c\000h\000\040\000S\000c\000e\000n\000e\000r\000y\000\040\000a\000s\000\040\000y\000o\000u\000\040\000f\000l\000y}{section.4.1}% 18
\BOOKMARK [2][-]{subsection.4.1.5}{\376\377\000C\000r\000e\000a\000t\000i\000n\000g\000\040\000y\000o\000u\000r\000\040\000o\000w\000n\000\040\000S\000c\000e\000n\000e\000r\000y}{section.4.1}% 19
\BOOKMARK [1][-]{section.4.2}{\376\377\000I\000n\000s\000t\000a\000l\000l\000i\000n\000g\000\040\000a\000i\000r\000c\000r\000a\000f\000t}{chapter.4}% 20
\BOOKMARK [1][-]{section.4.3}{\376\377\000I\000n\000s\000t\000a\000l\000l\000i\000n\000g\000\040\000d\000o\000c\000u\000m\000e\000n\000t\000a\000t\000i\000o\000n}{chapter.4}% 21
\BOOKMARK [-1][-]{part.2}{\376\377\000I\000I\000\040\000F\000l\000y\000i\000n\000g\000\040\000w\000i\000t\000h\000\040\000F\000l\000i\000g\000h\000t\000G\000e\000a\000r}{}% 22
\BOOKMARK [0][-]{chapter.5}{\376\377\000T\000a\000k\000e\000o\000f\000f\000:\000\040\000H\000o\000w\000\040\000t\000o\000\040\000s\000t\000a\000r\000t\000\040\000t\000h\000e\000\040\000p\000r\000o\000g\000r\000a\000m}{part.2}% 23
\BOOKMARK [1][-]{section.5.1}{\376\377\000E\000n\000v\000i\000r\000o\000n\000m\000e\000n\000t\000\040\000V\000a\000r\000i\000a\000b\000l\000e\000s}{chapter.5}% 24
\BOOKMARK [2][-]{subsection.5.1.1}{\376\377\000F\000G\000\137\000R\000O\000O\000T}{section.5.1}% 25
\BOOKMARK [2][-]{subsection.5.1.2}{\376\377\000F\000G\000\137\000S\000C\000E\000N\000E\000R\000Y}{section.5.1}% 26
\BOOKMARK [2][-]{subsection.5.1.3}{\376\377\000E\000n\000v\000i\000r\000o\000n\000m\000e\000n\000t\000\040\000V\000a\000r\000i\000a\000b\000l\000e\000s\000\040\000o\000n\000\040\000W\000i\000n\000d\000o\000w\000s\000\040\000a\000n\000d\000\040\000M\000a\000c\000\040\000O\000S\000\040\000X}{section.5.1}% 27
\BOOKMARK [1][-]{section.5.2}{\376\377\000L\000a\000u\000n\000c\000h\000i\000n\000g\000\040\000t\000h\000e\000\040\000s\000i\000m\000u\000l\000a\000t\000o\000r\000\040\000u\000n\000d\000e\000r\000\040\000U\000n\000i\000x\000/\000L\000i\000n\000u\000x}{chapter.5}% 28
\BOOKMARK [1][-]{section.5.3}{\376\377\000L\000a\000u\000n\000c\000h\000i\000n\000g\000\040\000t\000h\000e\000\040\000s\000i\000m\000u\000l\000a\000t\000o\000r\000\040\000u\000n\000d\000e\000r\000\040\000W\000i\000n\000d\000o\000w\000s}{chapter.5}% 29
\BOOKMARK [2][-]{subsection.5.3.1}{\376\377\000L\000a\000u\000n\000c\000h\000i\000n\000g\000\040\000f\000r\000o\000m\000\040\000t\000h\000e\000\040\000c\000o\000m\000m\000a\000n\000d\000\040\000l\000i\000n\000e}{section.5.3}% 30
\BOOKMARK [1][-]{section.5.4}{\376\377\000L\000a\000u\000n\000c\000h\000i\000n\000g\000\040\000t\000h\000e\000\040\000s\000i\000m\000u\000l\000a\000t\000o\000r\000\040\000u\000n\000d\000e\000r\000\040\000M\000a\000c\000\040\000O\000S\000\040\000X}{chapter.5}% 31
\BOOKMARK [2][-]{subsection.5.4.1}{\376\377\000S\000e\000l\000e\000c\000t\000i\000n\000g\000\040\000a\000n\000\040\000a\000i\000r\000c\000r\000a\000f\000t\000\040\000a\000n\000d\000\040\000a\000n\000\040\000a\000i\000r\000p\000o\000r\000t}{section.5.4}% 32
\BOOKMARK [2][-]{subsection.5.4.2}{\376\377\000E\000n\000a\000b\000l\000i\000n\000g\000\040\000o\000n\000-\000t\000h\000e\000-\000f\000l\000y\000\040\000s\000c\000e\000n\000e\000r\000y\000\040\000d\000o\000w\000n\000l\000o\000a\000d\000i\000n\000g}{section.5.4}% 33
\BOOKMARK [2][-]{subsection.5.4.3}{\376\377\000E\000n\000a\000b\000l\000i\000n\000g\000\040\000N\000a\000v\000i\000g\000a\000t\000i\000o\000n\000\040\000M\000a\000p\000\040\000\050\000A\000t\000l\000a\000s\000\051}{section.5.4}% 34
\BOOKMARK [2][-]{subsection.5.4.4}{\376\377\000L\000a\000u\000n\000c\000h\000i\000n\000g\000\040\000F\000l\000i\000g\000h\000t\000G\000e\000a\000r\000\040\000-\000\040\000t\000h\000e\000\040\000s\000i\000m\000u\000l\000a\000t\000o\000r}{section.5.4}% 35
\BOOKMARK [2][-]{subsection.5.4.5}{\376\377\000A\000d\000v\000a\000n\000c\000e\000d\000\040\000F\000e\000a\000t\000u\000r\000e\000s}{section.5.4}% 36
\BOOKMARK [2][-]{subsection.5.4.6}{\376\377\000L\000a\000u\000n\000c\000h\000i\000n\000g\000\040\000f\000r\000o\000m\000\040\000t\000h\000e\000\040\000c\000o\000m\000m\000a\000n\000d\000\040\000l\000i\000n\000e}{section.5.4}% 37
\BOOKMARK [1][-]{section.5.5}{\376\377\000C\000o\000m\000m\000a\000n\000d\000\040\000l\000i\000n\000e\000\040\000p\000a\000r\000a\000m\000e\000t\000e\000r\000s}{chapter.5}% 38
\BOOKMARK [2][-]{subsection.5.5.1}{\376\377\000G\000e\000n\000e\000r\000a\000l\000\040\000O\000p\000t\000i\000o\000n\000s}{section.5.5}% 39
\BOOKMARK [2][-]{subsection.5.5.2}{\376\377\000F\000e\000a\000t\000u\000r\000e\000s}{section.5.5}% 40
\BOOKMARK [2][-]{subsection.5.5.3}{\376\377\000S\000o\000u\000n\000d}{section.5.5}% 41
\BOOKMARK [2][-]{subsection.5.5.4}{\376\377\000A\000i\000r\000c\000r\000a\000f\000t}{section.5.5}% 42
\BOOKMARK [2][-]{subsection.5.5.5}{\376\377\000F\000l\000i\000g\000h\000t\000\040\000m\000o\000d\000e\000l}{section.5.5}% 43
\BOOKMARK [2][-]{subsection.5.5.6}{\376\377\000I\000n\000i\000t\000i\000a\000l\000\040\000P\000o\000s\000i\000t\000i\000o\000n\000\040\000a\000n\000d\000\040\000O\000r\000i\000e\000n\000t\000a\000t\000i\000o\000n}{section.5.5}% 44
\BOOKMARK [2][-]{subsection.5.5.7}{\376\377\000E\000n\000v\000i\000r\000o\000n\000m\000e\000n\000t\000\040\000O\000p\000t\000i\000o\000n\000s}{section.5.5}% 45
\BOOKMARK [2][-]{subsection.5.5.8}{\376\377\000R\000e\000n\000d\000e\000r\000i\000n\000g\000\040\000O\000p\000t\000i\000o\000n\000s}{section.5.5}% 46
\BOOKMARK [2][-]{subsection.5.5.9}{\376\377\000H\000U\000D\000\040\000O\000p\000t\000i\000o\000n\000s}{section.5.5}% 47
\BOOKMARK [2][-]{subsection.5.5.10}{\376\377\000A\000i\000r\000c\000r\000a\000f\000t\000\040\000S\000y\000s\000t\000e\000m\000\040\000O\000p\000t\000i\000o\000n\000s}{section.5.5}% 48
\BOOKMARK [2][-]{subsection.5.5.11}{\376\377\000T\000i\000m\000e\000\040\000O\000p\000t\000i\000o\000n\000s}{section.5.5}% 49
\BOOKMARK [2][-]{subsection.5.5.12}{\376\377\000N\000e\000t\000w\000o\000r\000k\000\040\000O\000p\000t\000i\000o\000n\000s}{section.5.5}% 50
\BOOKMARK [2][-]{subsection.5.5.13}{\376\377\000R\000o\000u\000t\000e\000/\000W\000a\000y\000p\000o\000i\000n\000t\000\040\000O\000p\000t\000i\000o\000n\000s}{section.5.5}% 51
\BOOKMARK [2][-]{subsection.5.5.14}{\376\377\000I\000O\000\040\000O\000p\000t\000i\000o\000n\000s}{section.5.5}% 52
\BOOKMARK [2][-]{subsection.5.5.15}{\376\377\000D\000e\000b\000u\000g\000g\000i\000n\000g\000\040\000o\000p\000t\000i\000o\000n\000s}{section.5.5}% 53
\BOOKMARK [1][-]{section.5.6}{\376\377\000J\000o\000y\000s\000t\000i\000c\000k\000\040\000s\000u\000p\000p\000o\000r\000t}{chapter.5}% 54
\BOOKMARK [0][-]{chapter.6}{\376\377\000I\000n\000-\000f\000l\000i\000g\000h\000t\000:\000\040\000A\000l\000l\000\040\000a\000b\000o\000u\000t\000\040\000i\000n\000s\000t\000r\000u\000m\000e\000n\000t\000s\000,\000\040\000k\000e\000y\000s\000t\000r\000o\000k\000e\000s\000\040\000a\000n\000d\000\040\000m\000e\000n\000u\000s}{part.2}% 55
\BOOKMARK [1][-]{section.6.1}{\376\377\000S\000t\000a\000r\000t\000i\000n\000g\000\040\000t\000h\000e\000\040\000e\000n\000g\000i\000n\000e}{chapter.6}% 56
\BOOKMARK [2][-]{subsection.6.1.1}{\376\377\000P\000i\000s\000t\000o\000n\000\040\000A\000i\000r\000c\000r\000a\000f\000t}{section.6.1}% 57
\BOOKMARK [2][-]{subsection.6.1.2}{\376\377\000T\000u\000r\000b\000o\000p\000r\000o\000p\000\040\000A\000i\000r\000c\000r\000a\000f\000t}{section.6.1}% 58
\BOOKMARK [2][-]{subsection.6.1.3}{\376\377\000J\000e\000t\000\040\000A\000i\000r\000c\000r\000a\000f\000t}{section.6.1}% 59
\BOOKMARK [1][-]{section.6.2}{\376\377\000K\000e\000y\000b\000o\000a\000r\000d\000\040\000c\000o\000n\000t\000r\000o\000l\000s}{chapter.6}% 60
\BOOKMARK [2][-]{subsection.6.2.1}{\376\377\000A\000i\000r\000c\000r\000a\000f\000t\000\040\000c\000o\000n\000t\000r\000o\000l\000s}{section.6.2}% 61
\BOOKMARK [2][-]{subsection.6.2.2}{\376\377\000S\000i\000m\000u\000l\000a\000t\000o\000r\000\040\000c\000o\000n\000t\000r\000o\000l\000s}{section.6.2}% 62
\BOOKMARK [2][-]{subsection.6.2.3}{\376\377\000A\000u\000t\000o\000p\000i\000l\000o\000t\000\040\000c\000o\000n\000t\000r\000o\000l\000s}{section.6.2}% 63
\BOOKMARK [1][-]{section.6.3}{\376\377\000M\000o\000u\000s\000e\000-\000c\000o\000n\000t\000r\000o\000l\000l\000e\000d\000\040\000a\000c\000t\000i\000o\000n\000s}{chapter.6}% 64
\BOOKMARK [2][-]{subsection.6.3.1}{\376\377\000N\000o\000r\000m\000a\000l\000\040\000m\000o\000d\000e}{section.6.3}% 65
\BOOKMARK [2][-]{subsection.6.3.2}{\376\377\000C\000o\000n\000t\000r\000o\000l\000\040\000m\000o\000d\000e}{section.6.3}% 66
\BOOKMARK [2][-]{subsection.6.3.3}{\376\377\000V\000i\000e\000w\000\040\000m\000o\000d\000e}{section.6.3}% 67
\BOOKMARK [1][-]{section.6.4}{\376\377\000M\000e\000n\000u\000\040\000e\000n\000t\000r\000i\000e\000s}{chapter.6}% 68
\BOOKMARK [1][-]{section.6.5}{\376\377\000T\000h\000e\000\040\000I\000n\000s\000t\000r\000u\000m\000e\000n\000t\000\040\000P\000a\000n\000e\000l}{chapter.6}% 69
\BOOKMARK [1][-]{section.6.6}{\376\377\000T\000h\000e\000\040\000H\000e\000a\000d\000\040\000U\000p\000\040\000D\000i\000s\000p\000l\000a\000y}{chapter.6}% 70
\BOOKMARK [0][-]{chapter.7}{\376\377\000F\000e\000a\000t\000u\000r\000e\000s}{part.2}% 71
\BOOKMARK [1][-]{section.7.1}{\376\377\000M\000u\000l\000t\000i\000p\000l\000a\000y\000e\000r}{chapter.7}% 72
\BOOKMARK [2][-]{subsection.7.1.1}{\376\377\000Q\000u\000i\000c\000k\000\040\000S\000t\000a\000r\000t}{section.7.1}% 73
\BOOKMARK [2][-]{subsection.7.1.2}{\376\377\000O\000t\000h\000e\000r\000\040\000M\000e\000t\000h\000o\000d\000s}{section.7.1}% 74
\BOOKMARK [2][-]{subsection.7.1.3}{\376\377\000T\000r\000o\000u\000b\000l\000e\000s\000h\000o\000o\000t\000i\000n\000g}{section.7.1}% 75
\BOOKMARK [1][-]{section.7.2}{\376\377\000A\000i\000r\000c\000r\000a\000f\000t\000\040\000C\000a\000r\000r\000i\000e\000r}{chapter.7}% 76
\BOOKMARK [2][-]{subsection.7.2.1}{\376\377\000S\000t\000a\000r\000t\000i\000n\000g\000\040\000o\000n\000\040\000t\000h\000e\000\040\000C\000a\000r\000r\000i\000e\000r}{section.7.2}% 77
\BOOKMARK [2][-]{subsection.7.2.2}{\376\377\000L\000a\000u\000n\000c\000h\000i\000n\000g\000\040\000f\000r\000o\000m\000\040\000t\000h\000e\000\040\000C\000a\000t\000a\000p\000u\000l\000t}{section.7.2}% 78
\BOOKMARK [2][-]{subsection.7.2.3}{\376\377\000F\000i\000n\000d\000i\000n\000g\000\040\000t\000h\000e\000\040\000C\000a\000r\000r\000i\000e\000r\000\040\000-\000\040\000T\000A\000C\000A\000N}{section.7.2}% 79
\BOOKMARK [2][-]{subsection.7.2.4}{\376\377\000L\000a\000n\000d\000i\000n\000g\000\040\000o\000n\000\040\000t\000h\000e\000\040\000C\000a\000r\000r\000i\000e\000r}{section.7.2}% 80
\BOOKMARK [1][-]{section.7.3}{\376\377\000A\000t\000l\000a\000s}{chapter.7}% 81
\BOOKMARK [1][-]{section.7.4}{\376\377\000M\000u\000l\000t\000i\000p\000l\000e\000\040\000D\000i\000s\000p\000l\000a\000y\000s}{chapter.7}% 82
\BOOKMARK [1][-]{section.7.5}{\376\377\000M\000u\000l\000t\000i\000p\000l\000e\000\040\000C\000o\000m\000p\000u\000t\000e\000r}{chapter.7}% 83
\BOOKMARK [2][-]{subsection.7.5.1}{\376\377\000S\000e\000t\000u\000p}{section.7.5}% 84
\BOOKMARK [2][-]{subsection.7.5.2}{\376\377\000B\000a\000s\000i\000c\000\040\000C\000o\000n\000f\000i\000g\000u\000r\000a\000t\000i\000o\000n}{section.7.5}% 85
\BOOKMARK [2][-]{subsection.7.5.3}{\376\377\000A\000d\000v\000a\000n\000c\000e\000d\000\040\000C\000o\000n\000f\000i\000g\000u\000r\000a\000t\000i\000o\000n}{section.7.5}% 86
\BOOKMARK [1][-]{section.7.6}{\376\377\000R\000e\000c\000o\000r\000d\000i\000n\000g\000\040\000a\000n\000d\000\040\000P\000l\000a\000y\000b\000a\000c\000k}{chapter.7}% 87
\BOOKMARK [1][-]{section.7.7}{\376\377\000T\000e\000x\000t\000\040\000t\000o\000\040\000S\000p\000e\000e\000c\000h\000\040\000w\000i\000t\000h\000\040\000F\000e\000s\000t\000i\000v\000a\000l}{chapter.7}% 88
\BOOKMARK [2][-]{subsection.7.7.1}{\376\377\000I\000n\000s\000t\000a\000l\000l\000i\000n\000g\000\040\000t\000h\000e\000\040\000F\000e\000s\000t\000i\000v\000a\000l\000\040\000s\000y\000s\000t\000e\000m}{section.7.7}% 89
\BOOKMARK [2][-]{subsection.7.7.2}{\376\377\000R\000u\000n\000n\000i\000n\000g\000\040\000F\000l\000i\000g\000h\000t\000G\000e\000a\000r\000\040\000w\000i\000t\000h\000\040\000V\000o\000i\000c\000e\000\040\000S\000u\000p\000p\000o\000r\000t}{section.7.7}% 90
\BOOKMARK [2][-]{subsection.7.7.3}{\376\377\000T\000r\000o\000u\000b\000l\000e\000s\000h\000o\000o\000t\000i\000n\000g}{section.7.7}% 91
\BOOKMARK [2][-]{subsection.7.7.4}{\376\377\000I\000n\000s\000t\000a\000l\000l\000i\000n\000g\000\040\000m\000o\000r\000e\000\040\000v\000o\000i\000c\000e\000s}{section.7.7}% 92
\BOOKMARK [1][-]{section.7.8}{\376\377\000A\000i\000r\000-\000A\000i\000r\000\040\000R\000e\000f\000u\000e\000l\000l\000i\000n\000g}{chapter.7}% 93
\BOOKMARK [2][-]{subsection.7.8.1}{\376\377\000S\000e\000t\000u\000p}{section.7.8}% 94
\BOOKMARK [2][-]{subsection.7.8.2}{\376\377\000M\000u\000l\000t\000i\000p\000l\000a\000y\000e\000r\000\040\000R\000e\000f\000u\000e\000l\000i\000n\000g}{section.7.8}% 95
\BOOKMARK [-1][-]{part.3}{\376\377\000I\000I\000I\000\040\000T\000u\000t\000o\000r\000i\000a\000l\000s}{}% 96
\BOOKMARK [0][-]{chapter.8}{\376\377\000T\000u\000t\000o\000r\000i\000a\000l\000s}{part.3}% 97
\BOOKMARK [1][-]{section.8.1}{\376\377\000I\000n\000-\000f\000l\000i\000g\000h\000t\000\040\000T\000u\000t\000o\000r\000i\000a\000l\000s}{chapter.8}% 98
\BOOKMARK [2][-]{subsection.8.1.1}{\376\377\000C\000e\000s\000s\000n\000a\000\040\0001\0007\0002\000P\000\040\000t\000u\000t\000o\000r\000i\000a\000l\000s}{section.8.1}% 99
\BOOKMARK [1][-]{section.8.2}{\376\377\000F\000l\000i\000g\000h\000t\000G\000e\000a\000r\000\040\000T\000u\000t\000o\000r\000i\000a\000l\000s}{chapter.8}% 100
\BOOKMARK [1][-]{section.8.3}{\376\377\000O\000t\000h\000e\000r\000\040\000T\000u\000t\000o\000r\000i\000a\000l\000s}{chapter.8}% 101
\BOOKMARK [0][-]{chapter.9}{\376\377\000A\000\040\000B\000a\000s\000i\000c\000\040\000F\000l\000i\000g\000h\000t\000\040\000S\000i\000m\000u\000l\000a\000t\000o\000r\000\040\000T\000u\000t\000o\000r\000i\000a\000l}{part.3}% 102
\BOOKMARK [1][-]{section.9.1}{\376\377\000F\000o\000r\000e\000w\000o\000r\000d}{chapter.9}% 103
\BOOKMARK [1][-]{section.9.2}{\376\377\000S\000t\000a\000r\000t\000i\000n\000g\000\040\000U\000p}{chapter.9}% 104
\BOOKMARK [2][-]{subsection.9.2.1}{\376\377\000M\000S\000\040\000W\000i\000n\000d\000o\000w\000s}{section.9.2}% 105
\BOOKMARK [2][-]{subsection.9.2.2}{\376\377\000L\000i\000n\000u\000x\000\040\000a\000n\000d\000\040\000o\000t\000h\000e\000r\000\040\000u\000n\000i\000c\000e\000s}{section.9.2}% 106
\BOOKMARK [2][-]{subsection.9.2.3}{\376\377\000I\000n\000\040\000t\000h\000e\000\040\000d\000a\000r\000k\000?}{section.9.2}% 107
\BOOKMARK [1][-]{section.9.3}{\376\377\000T\000h\000e\000\040\000F\000i\000r\000s\000t\000\040\000C\000h\000a\000l\000l\000e\000n\000g\000e\000\040\000-\000\040\000F\000l\000y\000i\000n\000g\000\040\000S\000t\000r\000a\000i\000g\000h\000t}{chapter.9}% 108
\BOOKMARK [1][-]{section.9.4}{\376\377\000B\000a\000s\000i\000c\000\040\000T\000u\000r\000n\000s}{chapter.9}% 109
\BOOKMARK [1][-]{section.9.5}{\376\377\000T\000a\000x\000i\000i\000n\000g\000\040\000o\000n\000\040\000t\000h\000e\000\040\000g\000r\000o\000u\000n\000d}{chapter.9}% 110
\BOOKMARK [2][-]{subsection.9.5.1}{\376\377\000A\000i\000r\000s\000p\000e\000e\000d}{section.9.5}% 111
\BOOKMARK [1][-]{section.9.6}{\376\377\000A\000d\000v\000a\000n\000c\000e\000d\000\040\000T\000u\000r\000n\000s}{chapter.9}% 112
\BOOKMARK [1][-]{section.9.7}{\376\377\000A\000\040\000B\000i\000t\000\040\000o\000f\000\040\000W\000i\000e\000h\000e\000i\000s\000t\000e\000r\000o\000l\000o\000g\000y}{chapter.9}% 113
\BOOKMARK [2][-]{subsection.9.7.1}{\376\377\000E\000n\000g\000i\000n\000e\000\040\000c\000o\000n\000t\000r\000o\000l}{section.9.7}% 114
\BOOKMARK [2][-]{subsection.9.7.2}{\376\377\000W\000i\000n\000g\000s\000\040\000a\000n\000d\000\040\000s\000p\000e\000e\000d}{section.9.7}% 115
\BOOKMARK [2][-]{subsection.9.7.3}{\376\377\000T\000h\000e\000\040\000f\000l\000a\000p\000s}{section.9.7}% 116
\BOOKMARK [2][-]{subsection.9.7.4}{\376\377\000T\000h\000e\000\040\000s\000t\000a\000l\000l}{section.9.7}% 117
\BOOKMARK [2][-]{subsection.9.7.5}{\376\377\000T\000h\000e\000\040\000t\000r\000i\000m}{section.9.7}% 118
\BOOKMARK [2][-]{subsection.9.7.6}{\376\377\000W\000h\000a\000t\000\040\000d\000i\000r\000e\000c\000t\000i\000o\000n\000\040\000a\000m\000\040\000I\000\040\000f\000l\000y\000i\000n\000g\000?}{section.9.7}% 119
\BOOKMARK [2][-]{subsection.9.7.7}{\376\377\000A\000\040\000l\000o\000o\000k\000\040\000a\000r\000o\000u\000n\000d\000\040\000t\000h\000e\000\040\000p\000a\000n\000e\000l}{section.9.7}% 120
\BOOKMARK [1][-]{section.9.8}{\376\377\000L\000e\000t\000'\000s\000\040\000F\000l\000y}{chapter.9}% 121
\BOOKMARK [2][-]{subsection.9.8.1}{\376\377\000A\000\040\000r\000e\000a\000l\000i\000s\000t\000i\000c\000\040\000t\000a\000k\000e\000\040\000o\000f\000f}{section.9.8}% 122
\BOOKMARK [2][-]{subsection.9.8.2}{\376\377\000L\000a\000n\000d\000i\000n\000g}{section.9.8}% 123
\BOOKMARK [2][-]{subsection.9.8.3}{\376\377\000E\000n\000g\000i\000n\000e\000\040\000S\000h\000u\000t\000d\000o\000w\000n}{section.9.8}% 124
\BOOKMARK [2][-]{subsection.9.8.4}{\376\377\000A\000b\000o\000r\000t\000e\000d\000\040\000L\000a\000n\000d\000i\000n\000g}{section.9.8}% 125
\BOOKMARK [1][-]{section.9.9}{\376\377\000D\000e\000a\000l\000i\000n\000g\000\040\000w\000i\000t\000h\000\040\000t\000h\000e\000\040\000W\000i\000n\000d}{chapter.9}% 126
\BOOKMARK [2][-]{subsection.9.9.1}{\376\377\000C\000r\000o\000s\000s\000w\000i\000n\000d\000\040\000T\000a\000k\000e\000\040\000O\000f\000f}{section.9.9}% 127
\BOOKMARK [2][-]{subsection.9.9.2}{\376\377\000C\000r\000o\000s\000s\000w\000i\000n\000d\000\040\000L\000a\000n\000d\000i\000n\000g}{section.9.9}% 128
\BOOKMARK [2][-]{subsection.9.9.3}{\376\377\000T\000a\000x\000i\000i\000n\000g\000\040\000i\000n\000\040\000t\000h\000e\000\040\000W\000i\000n\000d}{section.9.9}% 129
\BOOKMARK [1][-]{section.9.10}{\376\377\000T\000h\000e\000\040\000a\000u\000t\000o\000p\000i\000l\000o\000t}{chapter.9}% 130
\BOOKMARK [1][-]{section.9.11}{\376\377\000W\000h\000a\000t\000\040\000N\000e\000x\000t\000?}{chapter.9}% 131
\BOOKMARK [1][-]{section.9.12}{\376\377\000T\000h\000a\000n\000k\000s}{chapter.9}% 132
\BOOKMARK [1][-]{section.9.13}{\376\377\000F\000l\000y\000i\000n\000g\000\040\000O\000t\000h\000e\000r\000\040\000A\000i\000r\000c\000r\000a\000f\000t}{chapter.9}% 133
\BOOKMARK [2][-]{subsection.9.13.1}{\376\377\000H\000o\000w\000\040\000t\000o\000\040\000l\000a\000n\000d\000\040\000t\000h\000e\000\040\000C\000h\000e\000r\000o\000k\000e\000e\000\040\000W\000a\000r\000r\000i\000o\000r\000\040\000I\000I}{section.9.13}% 134
\BOOKMARK [2][-]{subsection.9.13.2}{\376\377\000H\000o\000w\000\040\000t\000o\000\040\000t\000a\000k\000e\000\040\000o\000f\000f\000\040\000a\000n\000d\000\040\000l\000a\000n\000d\000\040\000t\000h\000e\000\040\000P\000i\000p\000e\000r\000\040\000J\0003\000\040\000C\000u\000b}{section.9.13}% 135
\BOOKMARK [2][-]{subsection.9.13.3}{\376\377\000H\000o\000w\000\040\000t\000o\000\040\000t\000a\000k\000e\000\040\000o\000f\000f\000\040\000a\000n\000d\000\040\000l\000a\000n\000d\000\040\000a\000\040\000j\000e\000t}{section.9.13}% 136
\BOOKMARK [2][-]{subsection.9.13.4}{\376\377\000H\000o\000w\000\040\000t\000o\000\040\000t\000a\000k\000e\000\040\000o\000f\000f\000\040\000a\000n\000d\000\040\000l\000a\000n\000d\000\040\000t\000h\000e\000\040\000P\000-\0005\0001\000D\000\040\000M\000u\000s\000t\000a\000n\000g}{section.9.13}% 137
\BOOKMARK [2][-]{subsection.9.13.5}{\376\377\000H\000o\000w\000\040\000t\000o\000\040\000t\000a\000k\000e\000\040\000o\000f\000f\000\040\000a\000n\000d\000\040\000l\000a\000n\000d\000\040\000t\000h\000e\000\040\000B\000-\0005\0002\000\040\000S\000t\000r\000a\000t\000o\000f\000o\000r\000t\000r\000e\000s\000s}{section.9.13}% 138
\BOOKMARK [0][-]{chapter.10}{\376\377\000A\000\040\000C\000r\000o\000s\000s\000\040\000C\000o\000u\000n\000t\000r\000y\000\040\000F\000l\000i\000g\000h\000t\000\040\000T\000u\000t\000o\000r\000i\000a\000l}{part.3}% 139
\BOOKMARK [1][-]{section.10.1}{\376\377\000I\000n\000t\000r\000o\000d\000u\000c\000t\000i\000o\000n}{chapter.10}% 140
\BOOKMARK [2][-]{subsection.10.1.1}{\376\377\000D\000i\000s\000c\000l\000a\000i\000m\000e\000r\000\040\000a\000n\000d\000\040\000T\000h\000a\000n\000k\000s}{section.10.1}% 141
\BOOKMARK [1][-]{section.10.2}{\376\377\000F\000l\000i\000g\000h\000t\000\040\000P\000l\000a\000n\000n\000i\000n\000g}{chapter.10}% 142
\BOOKMARK [1][-]{section.10.3}{\376\377\000G\000e\000t\000t\000i\000n\000g\000\040\000U\000p}{chapter.10}% 143
\BOOKMARK [2][-]{subsection.10.3.1}{\376\377\000P\000r\000e\000-\000F\000l\000i\000g\000h\000t}{section.10.3}% 144
\BOOKMARK [2][-]{subsection.10.3.2}{\376\377\000A\000T\000I\000S}{section.10.3}% 145
\BOOKMARK [2][-]{subsection.10.3.3}{\376\377\000R\000a\000d\000i\000o\000s}{section.10.3}% 146
\BOOKMARK [2][-]{subsection.10.3.4}{\376\377\000A\000l\000t\000i\000m\000e\000t\000e\000r\000\040\000a\000n\000d\000\040\000C\000o\000m\000p\000a\000s\000s}{section.10.3}% 147
\BOOKMARK [2][-]{subsection.10.3.5}{\376\377\000T\000a\000k\000e\000-\000O\000f\000f}{section.10.3}% 148
\BOOKMARK [1][-]{section.10.4}{\376\377\000C\000r\000u\000i\000s\000i\000n\000g}{chapter.10}% 149
\BOOKMARK [2][-]{subsection.10.4.1}{\376\377\000T\000h\000e\000\040\000A\000u\000t\000o\000p\000i\000l\000o\000t}{section.10.4}% 150
\BOOKMARK [2][-]{subsection.10.4.2}{\376\377\000N\000a\000v\000i\000g\000a\000t\000i\000o\000n}{section.10.4}% 151
\BOOKMARK [2][-]{subsection.10.4.3}{\376\377\000M\000i\000x\000t\000u\000r\000e}{section.10.4}% 152
\BOOKMARK [1][-]{section.10.5}{\376\377\000G\000e\000t\000t\000i\000n\000g\000\040\000D\000o\000w\000n}{chapter.10}% 153
\BOOKMARK [2][-]{subsection.10.5.1}{\376\377\000A\000i\000r\000\040\000T\000r\000a\000f\000f\000i\000c\000\040\000C\000o\000n\000t\000r\000o\000l}{section.10.5}% 154
\BOOKMARK [2][-]{subsection.10.5.2}{\376\377\000T\000h\000e\000\040\000T\000r\000a\000f\000f\000i\000c\000\040\000P\000a\000t\000t\000e\000r\000n}{section.10.5}% 155
\BOOKMARK [2][-]{subsection.10.5.3}{\376\377\000A\000p\000p\000r\000o\000a\000c\000h}{section.10.5}% 156
\BOOKMARK [2][-]{subsection.10.5.4}{\376\377\000V\000A\000S\000I}{section.10.5}% 157
\BOOKMARK [2][-]{subsection.10.5.5}{\376\377\000G\000o\000\040\000A\000r\000o\000u\000n\000d}{section.10.5}% 158
\BOOKMARK [2][-]{subsection.10.5.6}{\376\377\000C\000l\000e\000a\000r\000i\000n\000g\000\040\000t\000h\000e\000\040\000R\000u\000n\000w\000a\000y}{section.10.5}% 159
\BOOKMARK [0][-]{chapter.11}{\376\377\000A\000n\000\040\000I\000F\000R\000\040\000C\000r\000o\000s\000s\000\040\000C\000o\000u\000n\000t\000r\000y\000\040\000F\000l\000i\000g\000h\000t\000\040\000T\000u\000t\000o\000r\000i\000a\000l}{part.3}% 160
\BOOKMARK [1][-]{section.11.1}{\376\377\000I\000n\000t\000r\000o\000d\000u\000c\000t\000i\000o\000n}{chapter.11}% 161
\BOOKMARK [2][-]{subsection.11.1.1}{\376\377\000D\000i\000s\000c\000l\000a\000i\000m\000e\000r\000s}{section.11.1}% 162
\BOOKMARK [1][-]{section.11.2}{\376\377\000B\000e\000f\000o\000r\000e\000\040\000T\000a\000k\000e\000o\000f\000f}{chapter.11}% 163
\BOOKMARK [2][-]{subsection.11.2.1}{\376\377\000F\000l\000i\000g\000h\000t\000\040\000P\000l\000a\000n\000n\000i\000n\000g}{section.11.2}% 164
\BOOKMARK [2][-]{subsection.11.2.2}{\376\377\000V\000H\000F\000\040\000O\000m\000n\000i\000d\000i\000r\000e\000c\000t\000i\000o\000n\000a\000l\000\040\000R\000a\000n\000g\000e}{section.11.2}% 165
\BOOKMARK [2][-]{subsection.11.2.3}{\376\377\000H\000o\000w\000\040\000H\000i\000g\000h\000\040\000A\000r\000e\000\040\000W\000e\000\040\000R\000e\000a\000l\000l\000y\000?}{section.11.2}% 166
\BOOKMARK [1][-]{section.11.3}{\376\377\000T\000a\000k\000e\000o\000f\000f}{chapter.11}% 167
\BOOKMARK [1][-]{section.11.4}{\376\377\000I\000n\000\040\000t\000h\000e\000\040\000A\000i\000r}{chapter.11}% 168
\BOOKMARK [2][-]{subsection.11.4.1}{\376\377\000G\000e\000o\000r\000g\000e\000\040\000I}{section.11.4}% 169
\BOOKMARK [2][-]{subsection.11.4.2}{\376\377\000M\000I\000S\000O\000N\000\040\000I\000m\000p\000o\000s\000s\000i\000b\000l\000e}{section.11.4}% 170
\BOOKMARK [2][-]{subsection.11.4.3}{\376\377\000G\000e\000o\000r\000g\000e\000\040\000I\000I}{section.11.4}% 171
\BOOKMARK [2][-]{subsection.11.4.4}{\376\377\000S\000t\000a\000y\000i\000n\000g\000\040\000t\000h\000e\000\040\000C\000o\000u\000r\000s\000e}{section.11.4}% 172
\BOOKMARK [2][-]{subsection.11.4.5}{\376\377\000Y\000e\000t\000\040\000M\000o\000r\000e\000\040\000C\000r\000o\000s\000s\000-\000C\000h\000e\000c\000k\000s}{section.11.4}% 173
\BOOKMARK [1][-]{section.11.5}{\376\377\000G\000e\000t\000t\000i\000n\000g\000\040\000D\000o\000w\000n}{chapter.11}% 174
\BOOKMARK [2][-]{subsection.11.5.1}{\376\377\000I\000n\000s\000t\000r\000u\000m\000e\000n\000t\000\040\000A\000p\000p\000r\000o\000a\000c\000h\000\040\000P\000r\000o\000c\000e\000d\000u\000r\000e\000s}{section.11.5}% 175
\BOOKMARK [2][-]{subsection.11.5.2}{\376\377\000N\000o\000n\000d\000i\000r\000e\000c\000t\000i\000o\000n\000a\000l\000\040\000B\000e\000a\000c\000o\000n\000s}{section.11.5}% 176
\BOOKMARK [2][-]{subsection.11.5.3}{\376\377\000P\000r\000o\000c\000e\000d\000u\000r\000e\000\040\000T\000u\000r\000n}{section.11.5}% 177
\BOOKMARK [2][-]{subsection.11.5.4}{\376\377\000C\000h\000a\000s\000i\000n\000g\000\040\000t\000h\000e\000\040\000N\000e\000e\000d\000l\000e}{section.11.5}% 178
\BOOKMARK [2][-]{subsection.11.5.5}{\376\377\000F\000O\000O\000T\000O\000\040\000T\000i\000m\000e}{section.11.5}% 179
\BOOKMARK [2][-]{subsection.11.5.6}{\376\377\000G\000e\000o\000r\000g\000e\000\040\000I\000I\000I}{section.11.5}% 180
\BOOKMARK [2][-]{subsection.11.5.7}{\376\377\000I\000L\000S\000\040\000L\000a\000n\000d\000i\000n\000g\000s}{section.11.5}% 181
\BOOKMARK [2][-]{subsection.11.5.8}{\376\377\000I\000n\000t\000e\000r\000c\000e\000p\000t\000i\000n\000g\000\040\000t\000h\000e\000\040\000L\000o\000c\000a\000l\000i\000z\000e\000r}{section.11.5}% 182
\BOOKMARK [2][-]{subsection.11.5.9}{\376\377\000I\000n\000t\000e\000r\000c\000e\000p\000t\000i\000n\000g\000\040\000t\000h\000e\000\040\000G\000l\000i\000d\000e\000\040\000S\000l\000o\000p\000e}{section.11.5}% 183
\BOOKMARK [2][-]{subsection.11.5.10}{\376\377\000T\000o\000u\000c\000h\000d\000o\000w\000n\000,\000\040\000A\000l\000m\000o\000s\000t}{section.11.5}% 184
\BOOKMARK [2][-]{subsection.11.5.11}{\376\377\000A\000\040\000C\000o\000n\000f\000e\000s\000s\000i\000o\000n}{section.11.5}% 185
\BOOKMARK [2][-]{subsection.11.5.12}{\376\377\000T\000o\000u\000c\000h\000d\000o\000w\000n\000,\000\040\000N\000o\000t}{section.11.5}% 186
\BOOKMARK [2][-]{subsection.11.5.13}{\376\377\000T\000o\000u\000c\000h\000d\000o\000w\000n}{section.11.5}% 187
\BOOKMARK [1][-]{section.11.6}{\376\377\000E\000p\000i\000l\000o\000g\000u\000e}{chapter.11}% 188
\BOOKMARK [0][-]{chapter.12}{\376\377\000A\000\040\000H\000e\000l\000i\000c\000o\000p\000t\000e\000r\000\040\000T\000u\000t\000o\000r\000i\000a\000l}{part.3}% 189
\BOOKMARK [1][-]{section.12.1}{\376\377\000P\000r\000e\000f\000a\000c\000e}{chapter.12}% 190
\BOOKMARK [1][-]{section.12.2}{\376\377\000G\000e\000t\000t\000i\000n\000g\000\040\000s\000t\000a\000r\000t\000e\000d}{chapter.12}% 191
\BOOKMARK [1][-]{section.12.3}{\376\377\000L\000i\000f\000t\000-\000O\000f\000f}{chapter.12}% 192
\BOOKMARK [1][-]{section.12.4}{\376\377\000I\000n\000\040\000t\000h\000e\000\040\000a\000i\000r}{chapter.12}% 193
\BOOKMARK [1][-]{section.12.5}{\376\377\000B\000a\000c\000k\000\040\000t\000o\000\040\000E\000a\000r\000t\000h\000\040\000I}{chapter.12}% 194
\BOOKMARK [1][-]{section.12.6}{\376\377\000B\000a\000c\000k\000\040\000t\000o\000\040\000E\000a\000r\000t\000h\000\040\000I\000I}{chapter.12}% 195
\BOOKMARK [-1][-]{part.4}{\376\377\000I\000V\000\040\000A\000p\000p\000e\000n\000d\000i\000c\000e\000s}{}% 196
\BOOKMARK [0][-]{appendix.A}{\376\377\000M\000i\000s\000s\000e\000d\000\040\000a\000p\000p\000r\000o\000a\000c\000h\000:\000\040\000I\000f\000\040\000a\000n\000y\000t\000h\000i\000n\000g\000\040\000r\000e\000f\000u\000s\000e\000s\000\040\000t\000o\000\040\000w\000o\000r\000k}{part.4}% 197
\BOOKMARK [1][-]{section.A.1}{\376\377\000F\000l\000i\000g\000h\000t\000G\000e\000a\000r\000\040\000P\000r\000o\000b\000l\000e\000m\000\040\000R\000e\000p\000o\000r\000t\000s}{appendix.A}% 198
\BOOKMARK [1][-]{section.A.2}{\376\377\000G\000e\000n\000e\000r\000a\000l\000\040\000p\000r\000o\000b\000l\000e\000m\000s}{appendix.A}% 199
\BOOKMARK [1][-]{section.A.3}{\376\377\000P\000o\000t\000e\000n\000t\000i\000a\000l\000\040\000p\000r\000o\000b\000l\000e\000m\000s\000\040\000u\000n\000d\000e\000r\000\040\000L\000i\000n\000u\000x}{appendix.A}% 200
\BOOKMARK [1][-]{section.A.4}{\376\377\000P\000o\000t\000e\000n\000t\000i\000a\000l\000\040\000p\000r\000o\000b\000l\000e\000m\000s\000\040\000u\000n\000d\000e\000r\000\040\000W\000i\000n\000d\000o\000w\000s}{appendix.A}% 201
\BOOKMARK [0][-]{appendix.B}{\376\377\000L\000a\000n\000d\000i\000n\000g\000:\000\040\000S\000o\000m\000e\000\040\000f\000u\000r\000t\000h\000e\000r\000\040\000t\000h\000o\000u\000g\000h\000t\000s\000\040\000b\000e\000f\000o\000r\000e\000\040\000l\000e\000a\000v\000i\000n\000g\000\040\000t\000h\000e\000\040\000p\000l\000a\000n\000e}{part.4}% 202
\BOOKMARK [1][-]{section.B.1}{\376\377\000A\000\040\000S\000k\000e\000t\000c\000h\000\040\000o\000n\000\040\000t\000h\000e\000\040\000H\000i\000s\000t\000o\000r\000y\000\040\000o\000f\000\040\000F\000l\000i\000g\000h\000t\000G\000e\000a\000r}{appendix.B}% 203
\BOOKMARK [2][-]{subsection.B.1.1}{\376\377\000S\000c\000e\000n\000e\000r\000y}{section.B.1}% 204
\BOOKMARK [2][-]{subsection.B.1.2}{\376\377\000A\000i\000r\000c\000r\000a\000f\000t}{section.B.1}% 205
\BOOKMARK [2][-]{subsection.B.1.3}{\376\377\000E\000n\000v\000i\000r\000o\000n\000m\000e\000n\000t}{section.B.1}% 206
\BOOKMARK [2][-]{subsection.B.1.4}{\376\377\000U\000s\000e\000r\000\040\000I\000n\000t\000e\000r\000f\000a\000c\000e}{section.B.1}% 207
\BOOKMARK [1][-]{section.B.2}{\376\377\000T\000h\000o\000s\000e\000,\000\040\000w\000h\000o\000\040\000d\000i\000d\000\040\000t\000h\000e\000\040\000w\000o\000r\000k}{appendix.B}% 208
\BOOKMARK [1][-]{section.B.3}{\376\377\000W\000h\000a\000t\000\040\000r\000e\000m\000a\000i\000n\000s\000\040\000t\000o\000\040\000b\000e\000\040\000d\000o\000n\000e}{appendix.B}% 209
